2012-12-27 14:46:39.384326: Using model(s): Updated Model, Original model. Scores: {'Original model': 7.9219294263921505, 'Updated Model': 10.112598516986344}. Using mode: training. Using cutoff data: 
2012-12-27 14:54:22.840941: Using model(s): Updated Model, Original model. Scores: {'Original model': 7.1651443229493701, 'Updated Model': 8.0923350919520534}. Using mode: training. Using cutoff data: cutoff_time_list_my_cutoff.csv
2012-12-27 16:01:52.050860: Using model(s): Updated Model, Original model. Scores: {'Original model': 8.0923350919520534, 'Updated Model': 8.0923350919520534}. Using mode: training. Using cutoff data: cutoff_time_list_my_cutoff.csv
2012-12-27 17:09:16.004352: Using model(s): Avg gate time by airport model, Original model. Scores: {'Original model': 8.0923350919520534, 'Avg gate time by airport model': 8.0923350919520534}. Using mode: training. Using cutoff data: cutoff_time_list_my_cutoff.csv
2012-12-27 18:25:32.631010: Using model(s): Avg gate time by airport model, None. Scores: {'None': None, 'Avg gate time by airport model': 8.0923350919520534}. Using mode: training. Using cutoff data: cutoff_time_list_my_cutoff.csv
2012-12-27 22:01:00.839828: Using model(s): Original model, Original model. Scores: {'Original model': 7.1651443229493701}. Using mode: training. Using cutoff data: cutoff_time_list_my_cutoff.csv
2012-12-27 22:04:57.623461: Using model(s): Small improvment model, Original model. Scores: {'Original model': 7.1651443229493701, 'Small improvment model': 8.0923350919520534}. Using mode: training. Using cutoff data: cutoff_time_list_my_cutoff.csv
2012-12-27 22:16:47.898300: Using model(s): Small improvment model, Avg gate time by airport model. Scores: {'Small improvment model': 8.0923350919520534, 'Avg gate time by airport model': 8.1399924744049414}. Using mode: training. Using cutoff data: cutoff_time_list_my_cutoff.csv
2012-12-27 22:24:46.159342: Using model(s): Small improvment model, Avg gate time by airport model. Scores: {'Small improvment model': 9.0124348299907258, 'Avg gate time by airport model': 9.0670010466764719}. Using mode: training. Using cutoff data: 
2012-12-27 22:39:05.636842: Using model(s): Small improvment model, Avg gate time by airport model. Scores: {'Small improvment model': 10.72484361131783, 'Avg gate time by airport model': 10.768406099569711}. Using mode: training. Using cutoff data: 
2012-12-27 22:43:23.012903: Using model(s): Small improvment model, Avg gate time by airport model. Scores: {'Small improvment model': 8.0923350919520534, 'Avg gate time by airport model': 9.685114950890318}. Using mode: training. Using cutoff data: cutoff_time_list_my_cutoff.csv
2012-12-27 22:53:44.616689: Using model(s): Avg gate time by airport model, None. Scores: {'None': None, 'Avg gate time by airport model': 8.8667883638534271}. Using mode: training. Using cutoff data: cutoff_time_list_my_cutoff.csv
2012-12-27 22:58:30.499986: Using model(s): Avg gate time by airport model, Original model. Scores: {'Original model': 7.1651443229493701, 'Avg gate time by airport model': 8.8667883638534271}. Using mode: training. Using cutoff data: cutoff_time_list_my_cutoff.csv
2012-12-27 23:02:10.416537: Using model(s): Avg gate time by airport model, Small improvment model. Scores: {'Small improvment model': 8.0923350919520534, 'Avg gate time by airport model': 8.8667883638534271}. Using mode: training. Using cutoff data: cutoff_time_list_my_cutoff.csv
2012-12-27 23:07:01.928520: Using model(s): Avg gate time by airport model, Small improvment model. Scores: {'Small improvment model': 8.0923350919520534, 'Avg gate time by airport model': 9.685114950890318}. Using mode: training. Using cutoff data: cutoff_time_list_my_cutoff.csv
2012-12-27 23:10:58.540357: Using model(s): Avg gate time by airport model, Small improvment model. Scores: {'Small improvment model': 8.0923350919520534, 'Avg gate time by airport model': 9.7323137648864435}. Using mode: training. Using cutoff data: cutoff_time_list_my_cutoff.csv
2012-12-28 00:09:14.519280: Using model(s): Avg gate time by airport model, Small improvment model. Scores: {'Small improvment model': 8.0923350919520534, 'Avg gate time by airport model': 9.6226548245328143}. Using mode: training. Using cutoff data: cutoff_time_list_my_cutoff.csv
2012-12-28 00:28:47.905930: Using model(s): Avg gate time by airport model, Small improvment model. Scores: {'Small improvment model': 8.0923350919520534, 'Avg gate time by airport model': 8.1399924744049414}. Using mode: training. Using cutoff data: cutoff_time_list_my_cutoff.csv
2012-12-28 00:57:48.624623: Using model(s): Avg gate time by airport model, Small improvment model. Scores: {'Small improvment model': 8.0923350919520534, 'Avg gate time by airport model': 8.1653372790283196}. Using mode: training. Using cutoff data: cutoff_time_list_my_cutoff.csv
2012-12-28 01:21:45.585632: Using model(s): Avg gate time by airport model, Small improvment model. Scores: {'Small improvment model': 8.0923350919520534, 'Avg gate time by airport model': 8.219483385045999}. Using mode: training. Using cutoff data: cutoff_time_list_my_cutoff.csv
2012-12-28 01:29:53.995302: Using model(s): Small improvment model, Avg gate time by airport model. Scores: {'Small improvment model': 9.6748143485191971, 'Avg gate time by airport model': 9.7869775404685733}. Using mode: training. Using cutoff data: 
2012-12-28 01:37:31.751080: Using model(s): Small improvment model, Avg gate time by airport model. Scores: {'Small improvment model': 10.315339437994551, 'Avg gate time by airport model': 10.43604599932042}. Using mode: training. Using cutoff data: 
2012-12-28 01:48:56.674165: Using model(s): Small improvment model, Avg gate time by airport model. Scores: {'Small improvment model': 7.7410279588426363, 'Avg gate time by airport model': 7.874861837804227}. Using mode: training. Using cutoff data: 
2012-12-28 01:54:21.589015: Using model(s): Small improvment model, Avg gate time by airport model. Scores: {'Small improvment model': 10.115588588954001, 'Avg gate time by airport model': 10.238718938054848}. Using mode: training. Using cutoff data: 
2012-12-28 01:58:48.842149: Using model(s): Small improvment model, Avg gate time by airport model. Scores: {'Small improvment model': 8.531920877323687, 'Avg gate time by airport model': 8.6676270990251325}. Using mode: training. Using cutoff data: 
2012-12-28 02:04:53.023598: Using model(s): Small improvment model, Avg gate time by airport model. Scores: {'Small improvment model': 9.2626765163627169, 'Avg gate time by airport model': 9.3796264943411654}. Using mode: training. Using cutoff data: 
2012-12-28 02:08:34.283817: Using model(s): Small improvment model, Avg gate time by airport model. Scores: {'Small improvment model': 9.5944100361643585, 'Avg gate time by airport model': 9.7132383419416293}. Using mode: training. Using cutoff data: 
2012-12-28 02:13:23.461921: Using model(s): Small improvment model, Avg gate time by airport model. Scores: {'Small improvment model': 7.4643177860582952, 'Avg gate time by airport model': 7.5972767426800925}. Using mode: training. Using cutoff data: 
2012-12-28 02:16:49.590813: Using model(s): Small improvment model, Avg gate time by airport model. Scores: {'Small improvment model': 10.238863326424831, 'Avg gate time by airport model': 10.361437396730437}. Using mode: training. Using cutoff data: 
2012-12-28 02:25:08.646623: Using model(s): Small improvment model, Avg gate time by airport model. Scores: {'Small improvment model': 10.943227936067681, 'Avg gate time by airport model': 11.005632615917929}. Using mode: training. Using cutoff data: 
2012-12-28 02:28:31.106754: Using model(s): Small improvment model, Avg gate time by airport model. Scores: {'Small improvment model': 7.2503380615854027, 'Avg gate time by airport model': 7.3145137103739089}. Using mode: training. Using cutoff data: 
2012-12-28 02:32:08.123309: Using model(s): Small improvment model, Avg gate time by airport model. Scores: {'Small improvment model': 7.5158953354141573, 'Avg gate time by airport model': 7.5690823720537104}. Using mode: training. Using cutoff data: 
2012-12-28 02:40:10.623612: Using model(s): Avg gate time by airport model, Small improvment model. Scores: {'Small improvment model': 8.0923350919520534, 'Avg gate time by airport model': 8.1493567381909564}. Using mode: training. Using cutoff data: cutoff_time_list_my_cutoff.csv
2012-12-28 02:45:36.004217: Using model(s): Avg gate time by airport model, Small improvment model. Scores: {'Small improvment model': 8.0923350919520534, 'Avg gate time by airport model': 8.1493567381909564}. Using mode: training. Using cutoff data: cutoff_time_list_my_cutoff.csv
2012-12-28 02:57:05.085046: Using model(s): Avg gate time by airport model, Small improvment model. Scores: {'Small improvment model': 8.0923350919520534, 'Avg gate time by airport model': 8.1493567381909564}. Using mode: training. Using cutoff data: cutoff_time_list_my_cutoff.csv
2012-12-28 03:21:04.642511: Using model(s): Small improvment model, Avg gate time by airport model. Scores: {'Small improvment model': 9.685692968043826, 'Avg gate time by airport model': 9.7607779589389487}. Using mode: training. Using cutoff data: 
2012-12-28 17:18:31.161351: Using model(s): Small improvment model, Avg gate time by airport model. Scores: {'Small improvment model': 10.326253820867521, 'Avg gate time by airport model': 10.394387172028768}. Using mode: training. Using cutoff data: 
2012-12-28 17:30:36.301573: Using model(s): Original model, Small improvment model. Scores: {'Original model': 7.1651443229493701, 'Small improvment model': 8.0923350919520534}. Using mode: training. Using cutoff data: cutoff_time_list_my_cutoff.csv
2012-12-28 17:36:53.194363: Using model(s): Original model, Small improvment model. Scores: {'Original model': 7.1651443229493701, 'Small improvment model': 8.0923350919520534}. Using mode: training. Using cutoff data: cutoff_time_list_my_cutoff.csv
2012-12-28 17:41:55.976469: Using model(s): Original model, Small improvment model. Scores: {'Original model': 7.1651443229493701, 'Small improvment model': 8.0923350919520534}. Using mode: training. Using cutoff data: cutoff_time_list_my_cutoff.csv
2012-12-28 17:48:42.485736: Using model(s): Original model, Small improvment model. Scores: {'Original model': 7.1651443229493701, 'Small improvment model': 8.0923350919520534}. Using mode: training. Using cutoff data: cutoff_time_list_my_cutoff.csv
2012-12-28 17:53:35.563906: Using model(s): Original model, Small improvment model. Scores: {'Original model': 7.1651443229493701, 'Small improvment model': 8.0923350919520534}. Using mode: training. Using cutoff data: cutoff_time_list_my_cutoff.csv
2012-12-28 18:06:36.785627: Using model(s): Original model, Small improvment model. Scores: {'Original model': 7.1651443229493701, 'Small improvment model': 8.0923350919520534}. Using mode: training. Using cutoff data: cutoff_time_list_my_cutoff.csv
