2012-12-29 04:28:35.779190: Using model(s): Original model, Small improvment model. Scores: {'Original model': 7.1651443229493701, 'Small improvment model': 8.0923350919520534}. Using mode: training. Using cutoff data: cutoff_time_list_my_cutoff.csv
2012-12-29 04:35:26.436146: Using model(s): Avg gate time by airport model, Small improvment model. Scores: {'Small improvment model': 8.0923350919520534, 'Avg gate time by airport model': 8.1695295737871856}. Using mode: training. Using cutoff data: cutoff_time_list_my_cutoff.csv
2012-12-29 04:49:01.545367: Using model(s): Avg gate time by airport model, Small improvment model. Scores: {'Small improvment model': 8.5178995340870447, 'Avg gate time by airport model': 8.6057005113874734}. Using mode: training. Using cutoff data: 
2012-12-29 04:55:39.427708: Using model(s): Avg gate time by airport model, Small improvment model. Scores: {'Small improvment model': 8.730974253174578, 'Avg gate time by airport model': 8.7780610044822289}. Using mode: training. Using cutoff data: 
2012-12-29 04:59:21.965694: Using model(s): Avg gate time by airport model, Small improvment model. Scores: {'Small improvment model': 9.2434659709715845, 'Avg gate time by airport model': 9.3291492515860348}. Using mode: training. Using cutoff data: 
2012-12-29 15:03:27.819353: Using model(s): Avg gate time by airport model, Small improvment model. Scores: {'Small improvment model': 10.793517164293707, 'Avg gate time by airport model': 10.882319630359316}. Using mode: training. Using cutoff data: 
2012-12-29 15:08:26.313867: Using model(s): Avg gate time by airport model, Small improvment model. Scores: {'Small improvment model': 8.0923350919520534, 'Avg gate time by airport model': 8.1416838321901199}. Using mode: training. Using cutoff data: cutoff_time_list_my_cutoff.csv
2012-12-29 15:13:07.428888: Using model(s): Avg gate time by airport model, Small improvment model. Scores: {'Small improvment model': 8.0923350919520534, 'Avg gate time by airport model': 8.1695295737871856}. Using mode: training. Using cutoff data: cutoff_time_list_my_cutoff.csv
2012-12-29 15:18:52.160131: Using model(s): Avg gate time by airport model, Small improvment model. Scores: {'Small improvment model': 8.0923350919520534, 'Avg gate time by airport model': 8.1416838321901199}. Using mode: training. Using cutoff data: cutoff_time_list_my_cutoff.csv
2012-12-29 17:16:33.385705: Using model(s): Avg gate time by airport model, Small improvment model. Scores: {'Small improvment model': 9.1680799207998227, 'Avg gate time by airport model': 9.1293625376839476}. Using mode: training. Using cutoff data: cutoff_time_list_my_cutoff.csv
2012-12-29 17:22:37.962365: Using model(s): Original model, Small improvment model. Scores: {'Original model': 9.693259480503869, 'Small improvment model': 9.1680799207998227}. Using mode: training. Using cutoff data: cutoff_time_list_my_cutoff.csv
2012-12-29 17:27:29.340759: Using model(s): Original model, Small improvment model. Scores: {'Original model': 10.165152266659929, 'Small improvment model': 9.9029193818936925}. Using mode: training. Using cutoff data: 
2012-12-29 17:34:13.194117: Using model(s): Original model, Avg gate time by airport model. Scores: {'Original model': 9.693259480503869, 'Avg gate time by airport model': 9.1293625376839476}. Using mode: training. Using cutoff data: cutoff_time_list_my_cutoff.csv
2012-12-29 17:38:34.819200: Using model(s): Original model, Avg gate time by airport model. Scores: {'Original model': 9.693259480503869, 'Avg gate time by airport model': 9.1293625376839476}. Using mode: training. Using cutoff data: cutoff_time_list_my_cutoff.csv
2012-12-29 17:47:27.118150: Using model(s): Original model, Avg gate time by airport model. Scores: {'Original model': 9.693259480503869, 'Avg gate time by airport model': 9.0292195013198615}. Using mode: training. Using cutoff data: cutoff_time_list_my_cutoff.csv
2012-12-29 18:03:44.697507: Using model(s): Avg gate time by airport UPD, Avg gate time by airport model. Scores: {'Avg gate time by airport model': 9.1293625376839476, 'Avg gate time by airport UPD': 9.0292195013198615}. Using mode: training. Using cutoff data: cutoff_time_list_my_cutoff.csv
2012-12-29 18:14:11.420810: Using model(s): Avg gate time by airport UPD, Avg gate time by airport model. Scores: {'Avg gate time by airport model': 8.9558270379440525, 'Avg gate time by airport UPD': 8.8663858985203987}. Using mode: training. Using cutoff data: 
2012-12-29 18:21:19.138403: Using model(s): Avg gate time by airport UPD, Avg gate time by airport model. Scores: {'Avg gate time by airport model': 9.6135910016697252, 'Avg gate time by airport UPD': 9.4887160992628115}. Using mode: training. Using cutoff data: 
2012-12-29 18:27:44.188655: Using model(s): Avg gate time by airport UPD, Avg gate time by airport model. Scores: {'Avg gate time by airport model': 10.751908636408185, 'Avg gate time by airport UPD': 10.631265726488003}. Using mode: training. Using cutoff data: 
2012-12-29 18:35:06.690674: Using model(s): Avg gate time by airport UPD, Avg gate time by airport model. Scores: {'Avg gate time by airport model': 9.911741929009974, 'Avg gate time by airport UPD': 9.8092730810320816}. Using mode: training. Using cutoff data: 
2012-12-29 19:09:26.702152: Using model(s): Avg gate time by airport UPD, Avg gate time by airport model. Scores: {'Avg gate time by airport model': 9.3341326541739011, 'Avg gate time by airport UPD': 9.2475661503272288}. Using mode: training. Using cutoff data: 
2012-12-29 21:02:38.478291: Using model(s): Avg gate time by airport UPD, Avg gate time by airport model. Scores: {'Avg gate time by airport model': 9.5114788282923719, 'Avg gate time by airport UPD': 9.4087271613721235}. Using mode: training. Using cutoff data: 
2012-12-29 21:24:35.290474: Using model(s): Avg gate time by airport UPD, Avg gate time by airport model. Scores: {'Avg gate time by airport model': 9.0839136636285822, 'Avg gate time by airport UPD': 8.9987277833389587}. Using mode: training. Using cutoff data: 
2012-12-30 01:12:58.108601: Using model(s): Avg gate time by airport UPD, Avg gate time by airport model. Scores: {'Avg gate time by airport model': 9.1293625376839476, 'Avg gate time by airport UPD': 9.0292195013198615}. Using mode: training. Using cutoff data: cutoff_time_list_my_cutoff.csv
2012-12-30 01:48:53.829463: Using model(s): Avg gate time by airport UPD, Avg gate time by airport model. Scores: {'Avg gate time by airport model': 9.1293625376839476, 'Avg gate time by airport UPD': 9.0292195013198615}. Using mode: training. Using cutoff data: cutoff_time_list_my_cutoff.csv
2012-12-30 02:17:54.081100: Using model(s): Avg gate time by airport UPD, Avg gate time by airport model. Scores: {'Avg gate time by airport model': 9.1293625376839476, 'Avg gate time by airport UPD': 9.0292195013198615}. Using mode: training. Using cutoff data: cutoff_time_list_my_cutoff.csv
2012-12-30 02:29:12.812483: Using model(s): Avg gate time by airport UPD, Avg gate time by airport model. Scores: {'Avg gate time by airport model': 9.1293625376839476, 'Avg gate time by airport UPD': 9.0292195013198615}. Using mode: training. Using cutoff data: cutoff_time_list_my_cutoff.csv
2012-12-30 02:40:03.214575: Using model(s): Avg gate time by airport UPD, Avg gate time by airport model. Scores: {'Avg gate time by airport model': 9.1293625376839476, 'Avg gate time by airport UPD': 9.0292195013198615}. Using mode: training. Using cutoff data: cutoff_time_list_my_cutoff.csv
2012-12-30 03:17:13.089058: Using model(s): Avg gate time by airport UPD, Avg gate time by airport model. Scores: {'Avg gate time by airport model': 9.1293625376839476, 'Avg gate time by airport UPD': 9.0292195013198615}. Using mode: training. Using cutoff data: cutoff_time_list_my_cutoff.csv
2012-12-30 03:32:56.337276: Using model(s): Original model, None. Scores: {'Original model': 9.693259480503869, 'None': None}. Using mode: training. Using cutoff data: cutoff_time_list_my_cutoff.csv
2012-12-31 05:09:03.242457: Using model(s): Original model, None. Scores: {'Original model': 9.693259480503869, 'None': None}. Using mode: training. Using cutoff data: cutoff_time_list_my_cutoff.csv
2012-12-31 19:45:29.933190: Using model(s): Original model, None. Scores: {'Original model': 9.693259480503869, 'None': None}. Using mode: training. Using cutoff data: cutoff_time_list_my_cutoff.csv
2012-12-31 19:54:32.336789: Using model(s): Avg gate time by airport UPD, None. Scores: {'None': None, 'Avg gate time by airport UPD': 9.0292195013198615}. Using mode: training. Using cutoff data: cutoff_time_list_my_cutoff.csv
2013-01-01 20:38:58.666061: Using model(s): Using new data format, None. Scores: {'None': None, 'Using new data format': nan}. Using mode: nofiltering. Using cutoff data: cutoff_time_list_my_cutoff.csv
2013-01-01 20:40:02.824758: Using model(s): Using new data format, None. Scores: {'None': None, 'Using new data format': nan}. Using mode: nofiltering. Using cutoff data: cutoff_time_list_my_cutoff.csv
2013-01-01 20:42:44.832313: Using model(s): Using new data format, None. Scores: {'None': None, 'Using new data format': nan}. Using mode: nofiltering. Using cutoff data: cutoff_time_list_my_cutoff.csv
2013-01-01 20:43:21.696698: Using model(s): Using new data format, None. Scores: {'None': None, 'Using new data format': nan}. Using mode: nofiltering. Using cutoff data: cutoff_time_list_my_cutoff.csv
2013-01-01 20:43:44.558297: Using model(s): Using new data format, None. Scores: {'None': None, 'Using new data format': nan}. Using mode: nofiltering. Using cutoff data: cutoff_time_list_my_cutoff.csv
2013-01-01 21:05:53.960143: Using model(s): Using new data format, None. Scores: {'None': None, 'Using new data format': nan}. Using mode: nofiltering. Using cutoff data: cutoff_time_list_my_cutoff.csv
2013-01-01 21:06:28.153026: Using model(s): Using new data format, None. Scores: {'None': None, 'Using new data format': nan}. Using mode: nofiltering. Using cutoff data: cutoff_time_list_my_cutoff.csv
2013-01-01 21:06:54.438743: Using model(s): Using new data format, None. Scores: {'None': None, 'Using new data format': nan}. Using mode: nofiltering. Using cutoff data: cutoff_time_list_my_cutoff.csv
2013-01-01 21:07:12.325400: Using model(s): Using new data format, None. Scores: {'None': None, 'Using new data format': nan}. Using mode: nofiltering. Using cutoff data: cutoff_time_list_my_cutoff.csv
2013-01-01 21:07:50.961720: Using model(s): Using new data format, None. Scores: {'None': None, 'Using new data format': nan}. Using mode: nofiltering. Using cutoff data: cutoff_time_list_my_cutoff.csv
2013-01-01 21:10:01.109965: Using model(s): Using new data format, None. Scores: {'None': None, 'Using new data format': nan}. Using mode: nofiltering. Using cutoff data: cutoff_time_list_my_cutoff.csv
2013-01-01 21:11:05.194115: Using model(s): Using new data format, None. Scores: {'None': None, 'Using new data format': nan}. Using mode: nofiltering. Using cutoff data: cutoff_time_list_my_cutoff.csv
2013-01-01 21:12:19.027785: Using model(s): Using new data format, None. Scores: {'None': None, 'Using new data format': nan}. Using mode: nofiltering. Using cutoff data: cutoff_time_list_my_cutoff.csv
2013-01-01 21:12:29.314271: Using model(s): Using new data format, None. Scores: {'None': None, 'Using new data format': nan}. Using mode: nofiltering. Using cutoff data: cutoff_time_list_my_cutoff.csv
2013-01-01 21:12:55.430207: Using model(s): Using new data format, None. Scores: {'None': None, 'Using new data format': nan}. Using mode: nofiltering. Using cutoff data: cutoff_time_list_my_cutoff.csv
2013-01-01 21:13:40.515788: Using model(s): Using new data format, None. Scores: {'None': None, 'Using new data format': nan}. Using mode: nofiltering. Using cutoff data: cutoff_time_list_my_cutoff.csv
2013-01-01 21:15:39.585365: Using model(s): Using new data format, None. Scores: {'None': None, 'Using new data format': nan}. Using mode: nofiltering. Using cutoff data: cutoff_time_list_my_cutoff.csv
2013-01-01 21:16:02.761487: Using model(s): Using new data format, None. Scores: {'None': None, 'Using new data format': nan}. Using mode: nofiltering. Using cutoff data: cutoff_time_list_my_cutoff.csv
2013-01-01 21:19:08.510326: Using model(s): Using new data format, None. Scores: {'None': None, 'Using new data format': nan}. Using mode: nofiltering. Using cutoff data: cutoff_time_list_my_cutoff.csv
2013-01-01 21:19:53.519363: Using model(s): Using new data format, None. Scores: {'None': None, 'Using new data format': nan}. Using mode: nofiltering. Using cutoff data: cutoff_time_list_my_cutoff.csv
2013-01-01 21:20:40.580851: Using model(s): Using new data format, None. Scores: {'None': None, 'Using new data format': 7.6519789269192646}. Using mode: nofiltering. Using cutoff data: cutoff_time_list_my_cutoff.csv
2013-01-01 21:21:42.679314: Using model(s): Using new data format, None. Scores: {'None': None, 'Using new data format': 7.6519789269192646}. Using mode: nofiltering. Using cutoff data: cutoff_time_list_my_cutoff.csv
2013-01-01 21:22:18.927176: Using model(s): Using new data format, None. Scores: {'None': None, 'Using new data format': 7.6519789269192646}. Using mode: nofiltering. Using cutoff data: cutoff_time_list_my_cutoff.csv
2013-01-01 21:23:20.596898: Using model(s): Using new data format, None. Scores: {'None': None, 'Using new data format': 9.6704295378123213}. Using mode: nofiltering. Using cutoff data: cutoff_time_list_my_cutoff.csv
2013-01-01 21:31:28.703280: Using model(s): Using new data format, None. Scores: {'None': None, 'Using new data format': 9.411236416670258}. Using mode: nofiltering. Using cutoff data: cutoff_time_list_my_cutoff.csv
2013-01-01 22:54:15.785799: Using model(s): Original model, None. Scores: {'Original model': 9.7106307407945387, 'None': None}. Using mode: training. Using cutoff data: cutoff_time_list_my_cutoff.csv
2013-01-01 23:17:55.037304: Using model(s): Original model, None. Scores: {'Original model': 9.7106307407945387, 'None': None}. Using mode: training. Using cutoff data: cutoff_time_list_my_cutoff.csv
2013-01-01 23:54:01.832337: Using model(s): Original model, None. Scores: {'Original model': 9.894746831727522, 'None': None}. Using mode: ['training']. Using cutoff data: cutoff_time_list_my_cutoff.csv
2013-01-01 23:56:44.782651: Using model(s): Original model, None. Scores: {'Original model': 9.693259480503869, 'None': None}. Using mode: ['training']. Using cutoff data: cutoff_time_list_my_cutoff.csv
2013-01-02 01:49:04.098457: Using model(s): Original model, None. Scores: {'Original model': 9.693259480503869, 'None': None}. Using mode: ['training']. Using cutoff data: cutoff_time_list_my_cutoff.csv
2013-01-02 03:01:58.902493: Using model(s): Original model, None. Scores: {'Original model': 9.693259480503869, 'None': None}. Using mode: ['training']. Using cutoff data: cutoff_time_list_my_cutoff.csv
2013-01-03 15:53:48.691133: Using model(s): Using new data format, None. Scores: {'None': None, 'Using new data format': 8.8700986868934066}. Using mode: ['training']. Using cutoff data: cutoff_time_list_my_cutoff.csv
2013-01-03 22:59:20.233607: Using model(s): Using new data format, None. Scores: {'None': None, 'Using new data format': 8.8700986868934066}. Using mode: ['training']. Using cutoff data: cutoff_time_list_my_cutoff.csv
2013-01-04 00:42:50.546508: Using model(s): Using new data format, None. Scores: {'None': None, 'Using new data format': 8.8700986868934066}. Using mode: ['training']. Using cutoff data: cutoff_time_list_my_cutoff.csv
2013-01-04 00:44:32.539299: Using model(s): Using new data format, None. Scores: {'None': None, 'Using new data format': 8.8700986868934066}. Using mode: ['training']. Using cutoff data: cutoff_time_list_my_cutoff.csv
2013-01-04 00:47:35.668032: Using model(s): Using new data format, None. Scores: {'None': None, 'Using new data format': 8.8700986868934066}. Using mode: ['training']. Using cutoff data: cutoff_time_list_my_cutoff.csv
2013-01-04 01:05:55.148475: Using model(s): Using new data format, None. Scores: {'None': None, 'Using new data format': 8.8700986868934066}. Using mode: ['training']. Using cutoff data: cutoff_time_list_my_cutoff.csv
2013-01-04 01:26:06.162944: Using model(s): Using new data format, None. Scores: {'None': None, 'Using new data format': 8.8700986868934066}. Using mode: ['training']. Using cutoff data: cutoff_time_list_my_cutoff.csv
2013-01-04 01:30:10.500173: Using model(s): Using new data format, Original model. Scores: {'Original model': 9.693259480503869, 'Using new data format': 8.8700986868934066}. Using mode: ['training']. Using cutoff data: cutoff_time_list_my_cutoff.csv
2013-01-04 01:43:57.604474: Using model(s): Using new data format, Avg gate time by airport UPD. Scores: {'Using new data format': 8.8700986868934066, 'Avg gate time by airport UPD': 9.0292195013198615}. Using mode: ['training']. Using cutoff data: cutoff_time_list_my_cutoff.csv
2013-01-06 02:28:50.871620: Using model(s): Using new data format, None. Scores: {'None': None, 'Using new data format': 8.8700986868934066}. Using mode: ['training']. Using cutoff data: cutoff_time_list_my_cutoff.csv
2013-01-06 02:39:33.791991: Using model(s): Using new data format, None. Scores: {'None': None, 'Using new data format': 21.387405347287647}. Using mode: ['training']. Using cutoff data: cutoff_time_list_my_cutoff.csv
2013-01-06 02:41:30.632885: Using model(s): Using new data format, None. Scores: {'None': None, 'Using new data format': 8.8700986868934066}. Using mode: ['training']. Using cutoff data: cutoff_time_list_my_cutoff.csv
2013-01-06 02:45:45.295445: Using model(s): Using new data format, None. Scores: {'None': None, 'Using new data format': 21.387405347287647}. Using mode: ['training']. Using cutoff data: cutoff_time_list_my_cutoff.csv
2013-01-06 02:47:42.627704: Using model(s): Using new data format, None. Scores: {'None': None, 'Using new data format': 21.387405347287647}. Using mode: ['training']. Using cutoff data: cutoff_time_list_my_cutoff.csv
2013-01-06 02:50:45.230825: Using model(s): Using new data format, None. Scores: {'None': None, 'Using new data format': 21.387405347287647}. Using mode: ['training']. Using cutoff data: cutoff_time_list_my_cutoff.csv
2013-01-06 04:24:57.243311: Using model(s): Using new data format, None. Scores: {'None': None, 'Using new data format': 8.8700986868934066}. Using mode: ['training']. Using cutoff data: cutoff_time_list_my_cutoff.csv
2013-01-06 04:26:51.791687: Using model(s): Using new data format, None. Scores: {'None': None, 'Using new data format': 9.6063306615492827}. Using mode: ['training']. Using cutoff data: cutoff_time_list_my_cutoff.csv
2013-01-06 15:27:02.649335: Using model(s): NDF Update, None. Scores: {'None': None, 'NDF Update': 8.8700986868934066}. Using mode: ['training']. Using cutoff data: cutoff_time_list_my_cutoff.csv
2013-01-06 16:31:07.553544: Using model(s): Using new data format, None. Scores: {'None': None, 'Using new data format': 8.8618860172861389}. Using mode: ['training']. Using cutoff data: cutoff_time_list_my_cutoff.csv
2013-01-06 18:38:21.703504: Using model(s): Using new data format, NDF Update. Scores: {'NDF Update': 8.8618860172861389, 'Using new data format': 8.8700986868934066}. Using mode: ['training']. Using cutoff data: cutoff_time_list_my_cutoff.csv
2013-01-06 19:54:04.233425: Using model(s): Using new data format, NDF Update. Scores: {'NDF Update': 8.8618860172861389, 'Using new data format': 8.8700986868934066}. Using mode: ['training']. Using cutoff data: cutoff_time_list_my_cutoff.csv
2013-01-06 20:48:21.293686: Using model(s): Using new data format, NDF Update. Scores: {'NDF Update': 9.344426516933984, 'Using new data format': 9.3535896226620618}. Using mode: ['training']. Using cutoff data: cutoff_time_list_my_cutoff_2.csv
2013-01-06 21:03:08.203915: Using model(s): Using new data format, NDF Update. Scores: {'NDF Update': 9.344426516933984, 'Using new data format': 9.3535896226620618}. Using mode: ['training']. Using cutoff data: cutoff_time_list_my_cutoff_2.csv
2013-01-06 21:15:20.530338: Using model(s): NDF Update, None. Scores: {'None': None, 'NDF Update': 9.3932737747893977}. Using mode: ['training']. Using cutoff data: cutoff_time_list_my_cutoff_2.csv
2013-01-06 21:16:28.603493: Using model(s): NDF Update, None. Scores: {'None': None, 'NDF Update': 9.8986194271730952}. Using mode: ['training']. Using cutoff data: cutoff_time_list_my_cutoff_2.csv
2013-01-06 21:35:18.303645: Using model(s): NDF Update, None. Scores: {'None': None, 'NDF Update': 9.6054035719926532}. Using mode: ['training']. Using cutoff data: cutoff_time_list_my_cutoff_2.csv
2013-01-06 21:37:40.782626: Using model(s): NDF Update, Using new data format. Scores: {'NDF Update': 9.6054035719926532, 'Using new data format': 9.344426516933984}. Using mode: ['training']. Using cutoff data: cutoff_time_list_my_cutoff_2.csv
2013-01-06 21:57:31.137744: Using model(s): NDF Update, Using new data format. Scores: {'NDF Update': 9.5433001319025657, 'Using new data format': 9.344426516933984}. Using mode: ['training']. Using cutoff data: cutoff_time_list_my_cutoff_2.csv
2013-01-06 22:08:43.419056: Using model(s): NDF Update part 2, Using new data format. Scores: {'NDF Update part 2': 9.5433001319025657, 'Using new data format': 9.344426516933984}. Using mode: ['training']. Using cutoff data: cutoff_time_list_my_cutoff_2.csv
2013-01-06 23:11:50.987261: Using model(s): NDF Update part 2, Using new data format. Scores: {'NDF Update part 2': 9.5687636273990027, 'Using new data format': 9.344426516933984}. Using mode: ['training']. Using cutoff data: cutoff_time_list_my_cutoff_2.csv
2013-01-06 23:15:44.456276: Using model(s): NDF Update part 2, Using new data format. Scores: {'NDF Update part 2': 9.3442815135667576, 'Using new data format': 9.344426516933984}. Using mode: ['training']. Using cutoff data: cutoff_time_list_my_cutoff_2.csv
2013-01-06 23:24:10.547078: Using model(s): NDF Update part 2, Using new data format. Scores: {'NDF Update part 2': 9.3442815135667576, 'Using new data format': 9.344426516933984}. Using mode: ['training']. Using cutoff data: cutoff_time_list_my_cutoff_2.csv
2013-01-06 23:39:27.544482: Using model(s): NDF Update part 2, Using new data format. Scores: {'NDF Update part 2': 9.3442815135667576, 'Using new data format': 9.3932737747893977}. Using mode: ['training']. Using cutoff data: cutoff_time_list_my_cutoff_2.csv
2013-01-07 00:24:28.111021: Using model(s): NDF Update part 2, Using new data format. Scores: {'NDF Update part 2': 9.3442815135667576, 'Using new data format': 9.5433001319025657}. Using mode: ['training']. Using cutoff data: cutoff_time_list_my_cutoff_2.csv
2013-01-07 01:52:05.605239: Using model(s): NDF Update part 2, Using new data format. Scores: {'NDF Update part 2': 9.3442815135667576, 'Using new data format': 9.5433001319025657}. Using mode: ['training']. Using cutoff data: cutoff_time_list_my_cutoff_2.csv
2013-01-07 01:55:08.561473: Using model(s): NDF Update part 2, Using new data format. Scores: {'NDF Update part 2': 9.2971302516559078, 'Using new data format': 9.5433001319025657}. Using mode: ['training']. Using cutoff data: cutoff_time_list_my_cutoff_2.csv
2013-01-07 02:16:58.965174: Using model(s): NDF Update part 2, Using new data format. Scores: {'NDF Update part 2': 9.2970290411412115, 'Using new data format': 9.5433001319025657}. Using mode: ['training']. Using cutoff data: cutoff_time_list_my_cutoff_2.csv
2013-01-07 02:24:43.420833: Using model(s): NDF Update part 2, Using new data format. Scores: {'NDF Update part 2': 9.2970290411412115, 'Using new data format': 9.5433001319025657}. Using mode: ['training']. Using cutoff data: cutoff_time_list_my_cutoff_2.csv
2013-01-07 02:28:17.187125: Using model(s): NDF Update part 2, Using new data format. Scores: {'NDF Update part 2': 9.2967234442689701, 'Using new data format': 9.5433001319025657}. Using mode: ['training']. Using cutoff data: cutoff_time_list_my_cutoff_2.csv
2013-01-07 02:35:30.073752: Using model(s): NDF Update part 2, Using new data format. Scores: {'NDF Update part 2': 8.8700986868934066, 'Using new data format': 9.0700915999208824}. Using mode: ['training']. Using cutoff data: cutoff_time_list_my_cutoff.csv
